<?xml version="1.0" encoding="UTF-8"?>
<robot generator="Robot 7.0 (Python 3.12.2 on win32)" generated="2024-04-21T19:37:51.670226" rpa="false" schemaversion="5">
<suite id="s1" name="Post Serverest Test" source="c:\Users\Windows 11\Documents\TestesDeApiRobotFramework\tests\post_serverest_test.robot">
<test id="s1-t1" name="Cenário com POST: Cadastrar um novo usuário com sucesso" line="7">
<kw name="Criar um novo usuário" owner="serverest_testes_recursos">
<kw name="Generate Random String" owner="String">
<msg time="2024-04-21T19:37:52.014393" level="INFO">${palavra_randomica} = DwDLotTo</msg>
<var>${palavra_randomica}</var>
<arg>length=8</arg>
<arg>chars=[LETTERS]</arg>
<doc>Generates a string with a desired ``length`` from the given ``chars``.</doc>
<status status="PASS" start="2024-04-21T19:37:52.014393" elapsed="0.015604"/>
</kw>
<kw name="Convert To Lower Case" owner="String">
<msg time="2024-04-21T19:37:52.029997" level="INFO">${palavra_randomica} = dwdlotto</msg>
<var>${palavra_randomica}</var>
<arg>${palavra_randomica}</arg>
<doc>Converts string to lower case.</doc>
<status status="PASS" start="2024-04-21T19:37:52.029997" elapsed="0.000000"/>
</kw>
<kw name="Set Test Variable" owner="BuiltIn">
<msg time="2024-04-21T19:37:52.029997" level="INFO">${EMAIL_TEST} = dwdlotto@qacoders.com.br</msg>
<arg>${EMAIL_TEST}</arg>
<arg>${palavra_randomica}@qacoders.com.br</arg>
<doc>Makes a variable available everywhere within the scope of the current test.</doc>
<status status="PASS" start="2024-04-21T19:37:52.029997" elapsed="0.000000"/>
</kw>
<kw name="Log" owner="BuiltIn">
<msg time="2024-04-21T19:37:52.038361" level="INFO">dwdlotto@qacoders.com.br</msg>
<arg>${EMAIL_TEST}</arg>
<doc>Logs the given message with the given level.</doc>
<status status="PASS" start="2024-04-21T19:37:52.029997" elapsed="0.008364"/>
</kw>
<status status="PASS" start="2024-04-21T19:37:52.014393" elapsed="0.023968"/>
</kw>
<kw name="Cadastrar o novo usuário criado" owner="serverest_testes_recursos">
<kw name="Create Dictionary" owner="BuiltIn">
<msg time="2024-04-21T19:37:52.041531" level="INFO">${body} = {'nome': 'Fulano da Silva', 'email': 'dwdlotto@qacoders.com.br', 'password': 'teste', 'administrador': 'true'}</msg>
<var>${body}</var>
<arg>nome=Fulano da Silva</arg>
<arg>email=${EMAIL_TEST}</arg>
<arg>password=teste</arg>
<arg>administrador=true</arg>
<doc>Creates and returns a dictionary based on the given ``items``.</doc>
<status status="PASS" start="2024-04-21T19:37:52.040528" elapsed="0.001357"/>
</kw>
<kw name="Log" owner="BuiltIn">
<msg time="2024-04-21T19:37:52.041885" level="INFO">{'nome': 'Fulano da Silva', 'email': 'dwdlotto@qacoders.com.br', 'password': 'teste', 'administrador': 'true'}</msg>
<arg>${body}</arg>
<doc>Logs the given message with the given level.</doc>
<status status="PASS" start="2024-04-21T19:37:52.041885" elapsed="0.000000"/>
</kw>
<kw name="Criar sessão" owner="serverest_testes_recursos">
<kw name="Create Dictionary" owner="BuiltIn">
<msg time="2024-04-21T19:37:52.042937" level="INFO">${headers} = {'accept': 'application/json', 'Content-Type': 'application/json'}</msg>
<var>${headers}</var>
<arg>accept=application/json</arg>
<arg>Content-Type=application/json</arg>
<doc>Creates and returns a dictionary based on the given ``items``.</doc>
<status status="PASS" start="2024-04-21T19:37:52.042937" elapsed="0.000995"/>
</kw>
<kw name="Create Session" owner="RequestsLibrary">
<msg time="2024-04-21T19:37:52.043932" level="INFO">Creating Session using : alias=APIServerRest, url=https://serverest.dev, headers={'accept': 'application/json', 'Content-Type': 'application/json'},                     cookies={}, auth=None, timeout=None, proxies=None, verify=False,                     debug=0 </msg>
<arg>alias=APIServerRest</arg>
<arg>url=https://serverest.dev</arg>
<arg>headers=${headers}</arg>
<doc>Create Session: create a HTTP session to a server</doc>
<status status="PASS" start="2024-04-21T19:37:52.043932" elapsed="0.001004"/>
</kw>
<status status="PASS" start="2024-04-21T19:37:52.042937" elapsed="0.001999"/>
</kw>
<kw name="POST On Session" owner="RequestsLibrary">
<msg time="2024-04-21T19:37:53.206435" level="INFO">POST Request : url=https://serverest.dev/usuarios 
 path_url=/usuarios 
 headers={'User-Agent': 'python-requests/2.31.0', 'Accept-Encoding': 'gzip, deflate', 'accept': 'application/json', 'Connection': 'keep-alive', 'Content-Type': 'application/json', 'Content-Length': '110'} 
 body=b'{"nome": "Fulano da Silva", "email": "dwdlotto@qacoders.com.br", "password": "teste", "administrador": "true"}' 
 </msg>
<msg time="2024-04-21T19:37:53.206435" level="INFO">POST Response : url=https://serverest.dev/usuarios 
 status=201, reason=Created 
 headers={'access-control-allow-origin': '*', 'x-dns-prefetch-control': 'off', 'x-frame-options': 'SAMEORIGIN', 'strict-transport-security': 'max-age=15552000; includeSubDomains', 'x-download-options': 'noopen', 'x-content-type-options': 'nosniff', 'x-xss-protection': '1; mode=block', 'content-type': 'application/json; charset=utf-8', 'X-Cloud-Trace-Context': 'cfbd0cb5d36b4027de44f13d0bbdf3b7;o=1', 'Date': 'Sun, 21 Apr 2024 22:37:53 GMT', 'Server': 'Google Frontend', 'Content-Length': '82'} 
 body={
    "message": "Cadastro realizado com sucesso",
    "_id": "0jqWxxC38Gywiyl1"
} 
 </msg>
<msg time="2024-04-21T19:37:53.222208" level="INFO">C:\Users\Windows 11\AppData\Local\Programs\Python\Python312\Lib\site-packages\urllib3\connectionpool.py:1103: InsecureRequestWarning: Unverified HTTPS request is being made to host 'serverest.dev'. Adding certificate verification is strongly advised. See: https://urllib3.readthedocs.io/en/latest/advanced-usage.html#tls-warnings
  warnings.warn(</msg>
<msg time="2024-04-21T19:37:53.225206" level="INFO">${resposta} = &lt;Response [201]&gt;</msg>
<var>${resposta}</var>
<arg>alias=APIServerRest</arg>
<arg>url=/usuarios</arg>
<arg>json=${body}</arg>
<doc>Sends a POST request on a previously created HTTP Session.</doc>
<status status="PASS" start="2024-04-21T19:37:52.044936" elapsed="1.180270"/>
</kw>
<kw name="Log" owner="BuiltIn">
<msg time="2024-04-21T19:37:53.227206" level="INFO">{'message': 'Cadastro realizado com sucesso', '_id': '0jqWxxC38Gywiyl1'}</msg>
<arg>${resposta.json()}</arg>
<doc>Logs the given message with the given level.</doc>
<status status="PASS" start="2024-04-21T19:37:53.226206" elapsed="0.001449"/>
</kw>
<kw name="Set Test Variable" owner="BuiltIn">
<msg time="2024-04-21T19:37:53.227655" level="INFO">${ID_USUARIO} = 0jqWxxC38Gywiyl1</msg>
<arg>${ID_USUARIO}</arg>
<arg>${resposta.json()["_id"]}</arg>
<doc>Makes a variable available everywhere within the scope of the current test.</doc>
<status status="PASS" start="2024-04-21T19:37:53.227655" elapsed="0.000000"/>
</kw>
<kw name="Set Test Variable" owner="BuiltIn">
<msg time="2024-04-21T19:37:53.227655" level="INFO">${RESPOSTA} = {'message': 'Cadastro realizado com sucesso', '_id': '0jqWxxC38Gywiyl1'}</msg>
<arg>${RESPOSTA}</arg>
<arg>${resposta.json()}</arg>
<doc>Makes a variable available everywhere within the scope of the current test.</doc>
<status status="PASS" start="2024-04-21T19:37:53.227655" elapsed="0.000000"/>
</kw>
<status status="PASS" start="2024-04-21T19:37:52.039365" elapsed="1.188290"/>
</kw>
<kw name="Conferir se este usuário foi cadastrado corretamente" owner="serverest_testes_recursos">
<kw name="Log" owner="BuiltIn">
<msg time="2024-04-21T19:37:53.227655" level="INFO">{'message': 'Cadastro realizado com sucesso', '_id': '0jqWxxC38Gywiyl1'}</msg>
<arg>${RESPOSTA}</arg>
<doc>Logs the given message with the given level.</doc>
<status status="PASS" start="2024-04-21T19:37:53.227655" elapsed="0.000000"/>
</kw>
<kw name="Dictionary Should Contain Item" owner="Collections">
<msg time="2024-04-21T19:37:53.237805" level="INFO">False
False</msg>
<arg>${RESPOSTA}</arg>
<arg>message</arg>
<arg>Cadastro realizado com sucesso</arg>
<doc>An item of ``key`` / ``value`` must be found in a ``dictionary``.</doc>
<status status="PASS" start="2024-04-21T19:37:53.227655" elapsed="0.011151"/>
</kw>
<kw name="Dictionary Should Contain Key" owner="Collections">
<msg time="2024-04-21T19:37:53.239806" level="INFO">False</msg>
<arg>${RESPOSTA}</arg>
<arg>_id</arg>
<doc>Fails if ``key`` is not found from ``dictionary``.</doc>
<status status="PASS" start="2024-04-21T19:37:53.238806" elapsed="0.001000"/>
</kw>
<status status="PASS" start="2024-04-21T19:37:53.227655" elapsed="0.012151"/>
</kw>
<status status="PASS" start="2024-04-21T19:37:52.014393" elapsed="1.226411"/>
</test>
<status status="PASS" start="2024-04-21T19:37:51.693410" elapsed="1.549050"/>
</suite>
<statistics>
<total>
<stat pass="1" fail="0" skip="0">All Tests</stat>
</total>
<tag>
</tag>
<suite>
<stat pass="1" fail="0" skip="0" id="s1" name="Post Serverest Test">Post Serverest Test</stat>
</suite>
</statistics>
<errors>
</errors>
</robot>
