<?xml version="1.0" encoding="UTF-8"?>
<robot generator="Robot 7.0 (Python 3.12.2 on win32)" generated="2024-05-01T17:49:44.353292" rpa="false" schemaversion="5">
<suite id="s1" name="Delete Serverest Test" source="c:\Users\Windows 11\Documents\TestesDeApiRobotFramework\serverest\tests\delete_serverest_test.robot">
<test id="s1-t1" name="Cenário com DELETE: Excluir usuario ja existente" line="7">
<kw name="Criar um novo usuário" owner="serverest_testes_recursos">
<kw name="Generate Random String" owner="String">
<msg time="2024-05-01T17:49:44.580315" level="INFO">${palavra_randomica} = EPNbtrUQ</msg>
<var>${palavra_randomica}</var>
<arg>length=8</arg>
<arg>chars=[LETTERS]</arg>
<doc>Generates a string with a desired ``length`` from the given ``chars``.</doc>
<status status="PASS" start="2024-05-01T17:49:44.580315" elapsed="0.000000"/>
</kw>
<kw name="Convert To Lower Case" owner="String">
<msg time="2024-05-01T17:49:44.580315" level="INFO">${palavra_randomica} = epnbtruq</msg>
<var>${palavra_randomica}</var>
<arg>${palavra_randomica}</arg>
<doc>Converts string to lower case.</doc>
<status status="PASS" start="2024-05-01T17:49:44.580315" elapsed="0.000000"/>
</kw>
<kw name="Set Test Variable" owner="BuiltIn">
<msg time="2024-05-01T17:49:44.580315" level="INFO">${EMAIL_TEST} = epnbtruq@qacoders.com.br</msg>
<arg>${EMAIL_TEST}</arg>
<arg>${palavra_randomica}@qacoders.com.br</arg>
<doc>Makes a variable available everywhere within the scope of the current test.</doc>
<status status="PASS" start="2024-05-01T17:49:44.580315" elapsed="0.000000"/>
</kw>
<kw name="Log" owner="BuiltIn">
<msg time="2024-05-01T17:49:44.580315" level="INFO">epnbtruq@qacoders.com.br</msg>
<arg>${EMAIL_TEST}</arg>
<doc>Logs the given message with the given level.</doc>
<status status="PASS" start="2024-05-01T17:49:44.580315" elapsed="0.000000"/>
</kw>
<status status="PASS" start="2024-05-01T17:49:44.579474" elapsed="0.000841"/>
</kw>
<kw name="Cadastrar o novo usuário criado" owner="serverest_testes_recursos">
<kw name="Create Dictionary" owner="BuiltIn">
<msg time="2024-05-01T17:49:44.595321" level="INFO">${body} = {'nome': 'Fulano da Silva', 'email': 'epnbtruq@qacoders.com.br', 'password': 'teste', 'administrador': 'true'}</msg>
<var>${body}</var>
<arg>nome=Fulano da Silva</arg>
<arg>email=${EMAIL_TEST}</arg>
<arg>password=teste</arg>
<arg>administrador=true</arg>
<doc>Creates and returns a dictionary based on the given ``items``.</doc>
<status status="PASS" start="2024-05-01T17:49:44.595321" elapsed="0.008508"/>
</kw>
<kw name="Log" owner="BuiltIn">
<msg time="2024-05-01T17:49:44.603829" level="INFO">{'nome': 'Fulano da Silva', 'email': 'epnbtruq@qacoders.com.br', 'password': 'teste', 'administrador': 'true'}</msg>
<arg>${body}</arg>
<doc>Logs the given message with the given level.</doc>
<status status="PASS" start="2024-05-01T17:49:44.603829" elapsed="0.000000"/>
</kw>
<kw name="Criar sessão" owner="serverest_testes_recursos">
<kw name="Create Dictionary" owner="BuiltIn">
<msg time="2024-05-01T17:49:44.603829" level="INFO">${headers} = {'accept': 'application/json', 'Content-Type': 'application/json'}</msg>
<var>${headers}</var>
<arg>accept=application/json</arg>
<arg>Content-Type=application/json</arg>
<doc>Creates and returns a dictionary based on the given ``items``.</doc>
<status status="PASS" start="2024-05-01T17:49:44.603829" elapsed="0.000000"/>
</kw>
<kw name="Create Session" owner="RequestsLibrary">
<msg time="2024-05-01T17:49:44.603829" level="INFO">Creating Session using : alias=APIServerRest, url=https://serverest.dev, headers={'accept': 'application/json', 'Content-Type': 'application/json'},                     cookies={}, auth=None, timeout=None, proxies=None, verify=False,                     debug=0 </msg>
<arg>alias=APIServerRest</arg>
<arg>url=https://serverest.dev</arg>
<arg>headers=${headers}</arg>
<doc>Create Session: create a HTTP session to a server</doc>
<status status="PASS" start="2024-05-01T17:49:44.603829" elapsed="0.000000"/>
</kw>
<status status="PASS" start="2024-05-01T17:49:44.603829" elapsed="0.000000"/>
</kw>
<kw name="POST On Session" owner="RequestsLibrary">
<msg time="2024-05-01T17:49:45.104345" level="INFO">POST Request : url=https://serverest.dev/usuarios 
 path_url=/usuarios 
 headers={'User-Agent': 'python-requests/2.31.0', 'Accept-Encoding': 'gzip, deflate', 'accept': 'application/json', 'Connection': 'keep-alive', 'Content-Type': 'application/json', 'Content-Length': '110'} 
 body=b'{"nome": "Fulano da Silva", "email": "epnbtruq@qacoders.com.br", "password": "teste", "administrador": "true"}' 
 </msg>
<msg time="2024-05-01T17:49:45.115939" level="INFO">POST Response : url=https://serverest.dev/usuarios 
 status=201, reason=Created 
 headers={'access-control-allow-origin': '*', 'x-dns-prefetch-control': 'off', 'x-frame-options': 'SAMEORIGIN', 'strict-transport-security': 'max-age=15552000; includeSubDomains', 'x-download-options': 'noopen', 'x-content-type-options': 'nosniff', 'x-xss-protection': '1; mode=block', 'content-type': 'application/json; charset=utf-8', 'X-Cloud-Trace-Context': 'bea530d00201c4de2a7d47e8205f4720;o=1', 'Date': 'Thu, 02 May 2024 23:37:40 GMT', 'Server': 'Google Frontend', 'Content-Length': '82'} 
 body={
    "message": "Cadastro realizado com sucesso",
    "_id": "NVEToiePD2ui7S5w"
} 
 </msg>
<msg time="2024-05-01T17:49:45.115939" level="INFO">C:\Users\Windows 11\AppData\Local\Programs\Python\Python312\Lib\site-packages\urllib3\connectionpool.py:1103: InsecureRequestWarning: Unverified HTTPS request is being made to host 'serverest.dev'. Adding certificate verification is strongly advised. See: https://urllib3.readthedocs.io/en/latest/advanced-usage.html#tls-warnings
  warnings.warn(</msg>
<msg time="2024-05-01T17:49:45.115939" level="INFO">${resposta} = &lt;Response [201]&gt;</msg>
<var>${resposta}</var>
<arg>alias=APIServerRest</arg>
<arg>url=/usuarios</arg>
<arg>json=${body}</arg>
<doc>Sends a POST request on a previously created HTTP Session.</doc>
<status status="PASS" start="2024-05-01T17:49:44.603829" elapsed="0.512110"/>
</kw>
<kw name="Log" owner="BuiltIn">
<msg time="2024-05-01T17:49:45.115939" level="INFO">{'message': 'Cadastro realizado com sucesso', '_id': 'NVEToiePD2ui7S5w'}</msg>
<arg>${resposta.json()}</arg>
<doc>Logs the given message with the given level.</doc>
<status status="PASS" start="2024-05-01T17:49:45.115939" elapsed="0.000000"/>
</kw>
<kw name="Set Test Variable" owner="BuiltIn">
<msg time="2024-05-01T17:49:45.115939" level="INFO">${ID_USUARIO} = NVEToiePD2ui7S5w</msg>
<arg>${ID_USUARIO}</arg>
<arg>${resposta.json()["_id"]}</arg>
<doc>Makes a variable available everywhere within the scope of the current test.</doc>
<status status="PASS" start="2024-05-01T17:49:45.115939" elapsed="0.000000"/>
</kw>
<kw name="Set Test Variable" owner="BuiltIn">
<msg time="2024-05-01T17:49:45.132679" level="INFO">${RESPOSTA} = {'message': 'Cadastro realizado com sucesso', '_id': 'NVEToiePD2ui7S5w'}</msg>
<arg>${RESPOSTA}</arg>
<arg>${resposta.json()}</arg>
<doc>Makes a variable available everywhere within the scope of the current test.</doc>
<status status="PASS" start="2024-05-01T17:49:45.115939" elapsed="0.016740"/>
</kw>
<status status="PASS" start="2024-05-01T17:49:44.595321" elapsed="0.537358"/>
</kw>
<kw name="Excluir o usuario criado" owner="serverest_testes_recursos">
<kw name="DELETE On Session" owner="RequestsLibrary">
<msg time="2024-05-01T17:49:45.315655" level="INFO">DELETE Request : url=https://serverest.dev/usuarios/NVEToiePD2ui7S5w 
 path_url=/usuarios/NVEToiePD2ui7S5w 
 headers={'User-Agent': 'python-requests/2.31.0', 'Accept-Encoding': 'gzip, deflate', 'accept': 'application/json', 'Connection': 'keep-alive', 'Content-Type': 'application/json', 'Content-Length': '0'} 
 body=None 
 </msg>
<msg time="2024-05-01T17:49:45.315655" level="INFO">DELETE Response : url=https://serverest.dev/usuarios/NVEToiePD2ui7S5w 
 status=200, reason=OK 
 headers={'access-control-allow-origin': '*', 'x-dns-prefetch-control': 'off', 'x-frame-options': 'SAMEORIGIN', 'strict-transport-security': 'max-age=15552000; includeSubDomains', 'x-download-options': 'noopen', 'x-content-type-options': 'nosniff', 'x-xss-protection': '1; mode=block', 'content-type': 'application/json; charset=utf-8', 'X-Cloud-Trace-Context': 'f7972a3888bb99cc579550893a51bed0', 'Date': 'Thu, 02 May 2024 23:37:40 GMT', 'Server': 'Google Frontend', 'Content-Length': '51'} 
 body={
    "message": "Registro excluído com sucesso"
} 
 </msg>
<msg time="2024-05-01T17:49:45.315655" level="INFO">C:\Users\Windows 11\AppData\Local\Programs\Python\Python312\Lib\site-packages\urllib3\connectionpool.py:1103: InsecureRequestWarning: Unverified HTTPS request is being made to host 'serverest.dev'. Adding certificate verification is strongly advised. See: https://urllib3.readthedocs.io/en/latest/advanced-usage.html#tls-warnings
  warnings.warn(</msg>
<msg time="2024-05-01T17:49:45.315655" level="INFO">${excluir_usuario} = &lt;Response [200]&gt;</msg>
<var>${excluir_usuario}</var>
<arg>alias=APIServerRest</arg>
<arg>url=/usuarios/${ID_USUARIO}</arg>
<arg>expected_status=200</arg>
<doc>Sends a DELETE request on a previously created HTTP Session.</doc>
<status status="PASS" start="2024-05-01T17:49:45.132679" elapsed="0.198884"/>
</kw>
<kw name="Set Test Variable" owner="BuiltIn">
<msg time="2024-05-01T17:49:45.332875" level="INFO">${RESPOSTA_CONSULTA_APOS_EXCLUSAO} = {'message': 'Registro excluído com sucesso'}</msg>
<arg>${RESPOSTA_CONSULTA_APOS_EXCLUSAO}</arg>
<arg>${excluir_usuario.json()}</arg>
<doc>Makes a variable available everywhere within the scope of the current test.</doc>
<status status="PASS" start="2024-05-01T17:49:45.332875" elapsed="0.000000"/>
</kw>
<status status="PASS" start="2024-05-01T17:49:45.132679" elapsed="0.200196"/>
</kw>
<kw name="Conferir se o usuario foi excluido corretamente" owner="serverest_testes_recursos">
<kw name="Log" owner="BuiltIn">
<msg time="2024-05-01T17:49:45.348934" level="INFO">{'message': 'Registro excluído com sucesso'}</msg>
<arg>${RESPOSTA_CONSULTA_APOS_EXCLUSAO}</arg>
<doc>Logs the given message with the given level.</doc>
<status status="PASS" start="2024-05-01T17:49:45.348934" elapsed="0.000000"/>
</kw>
<status status="PASS" start="2024-05-01T17:49:45.332875" elapsed="0.016059"/>
</kw>
<status status="PASS" start="2024-05-01T17:49:44.578475" elapsed="0.770459"/>
</test>
<status status="PASS" start="2024-05-01T17:49:44.367388" elapsed="0.995786"/>
</suite>
<statistics>
<total>
<stat pass="1" fail="0" skip="0">All Tests</stat>
</total>
<tag>
</tag>
<suite>
<stat pass="1" fail="0" skip="0" id="s1" name="Delete Serverest Test">Delete Serverest Test</stat>
</suite>
</statistics>
<errors>
</errors>
</robot>
