<?xml version="1.0" encoding="UTF-8"?>
<robot generator="Robot 7.0 (Python 3.12.2 on win32)" generated="2024-05-01T18:50:34.898477" rpa="false" schemaversion="5">
<suite id="s1" name="Put Serverest Test" source="c:\Users\Windows 11\Documents\TestesDeApiRobotFramework\serverest\tests\put_serverest_test.robot">
<test id="s1-t1" name="Cenário com PUT: Atualizar os dados de um usuario" line="7">
<kw name="Criar um novo usuário" owner="common">
<kw name="Generate Random String" owner="String">
<msg time="2024-05-01T18:50:35.143945" level="INFO">${palavra_randomica} = WMADisZB</msg>
<var>${palavra_randomica}</var>
<arg>length=8</arg>
<arg>chars=[LETTERS]</arg>
<doc>Generates a string with a desired ``length`` from the given ``chars``.</doc>
<status status="PASS" start="2024-05-01T18:50:35.143945" elapsed="0.013371"/>
</kw>
<kw name="Convert To Lower Case" owner="String">
<msg time="2024-05-01T18:50:35.159319" level="INFO">${palavra_randomica} = wmadiszb</msg>
<var>${palavra_randomica}</var>
<arg>${palavra_randomica}</arg>
<doc>Converts string to lower case.</doc>
<status status="PASS" start="2024-05-01T18:50:35.158323" elapsed="0.002997"/>
</kw>
<kw name="Set Test Variable" owner="BuiltIn">
<msg time="2024-05-01T18:50:35.162725" level="INFO">${EMAIL_TEST} = wmadiszb@qacoders.com.br</msg>
<arg>${EMAIL_TEST}</arg>
<arg>${palavra_randomica}@qacoders.com.br</arg>
<doc>Makes a variable available everywhere within the scope of the current test.</doc>
<status status="PASS" start="2024-05-01T18:50:35.162725" elapsed="0.000000"/>
</kw>
<kw name="Log" owner="BuiltIn">
<msg time="2024-05-01T18:50:35.171288" level="INFO">wmadiszb@qacoders.com.br</msg>
<arg>${EMAIL_TEST}</arg>
<doc>Logs the given message with the given level.</doc>
<status status="PASS" start="2024-05-01T18:50:35.162725" elapsed="0.010469"/>
</kw>
<status status="PASS" start="2024-05-01T18:50:35.143945" elapsed="0.030254"/>
</kw>
<kw name="Cadastrar o novo usuário criado" owner="common">
<kw name="Create Dictionary" owner="BuiltIn">
<msg time="2024-05-01T18:50:35.183730" level="INFO">${body} = {'nome': 'Fulano da Silva', 'email': 'wmadiszb@qacoders.com.br', 'password': 'teste', 'administrador': 'true'}</msg>
<var>${body}</var>
<arg>nome=Fulano da Silva</arg>
<arg>email=${EMAIL_TEST}</arg>
<arg>password=teste</arg>
<arg>administrador=true</arg>
<doc>Creates and returns a dictionary based on the given ``items``.</doc>
<status status="PASS" start="2024-05-01T18:50:35.181704" elapsed="0.002026"/>
</kw>
<kw name="Log" owner="BuiltIn">
<msg time="2024-05-01T18:50:35.184736" level="INFO">{'nome': 'Fulano da Silva', 'email': 'wmadiszb@qacoders.com.br', 'password': 'teste', 'administrador': 'true'}</msg>
<arg>${body}</arg>
<doc>Logs the given message with the given level.</doc>
<status status="PASS" start="2024-05-01T18:50:35.184736" elapsed="0.001000"/>
</kw>
<kw name="Criar sessão" owner="common">
<kw name="Create Dictionary" owner="BuiltIn">
<msg time="2024-05-01T18:50:35.187733" level="INFO">${headers} = {'accept': 'application/json', 'Content-Type': 'application/json'}</msg>
<var>${headers}</var>
<arg>accept=application/json</arg>
<arg>Content-Type=application/json</arg>
<doc>Creates and returns a dictionary based on the given ``items``.</doc>
<status status="PASS" start="2024-05-01T18:50:35.186735" elapsed="0.000998"/>
</kw>
<kw name="Create Session" owner="RequestsLibrary">
<msg time="2024-05-01T18:50:35.188733" level="INFO">Creating Session using : alias=APIServerRest, url=https://serverest.dev, headers={'accept': 'application/json', 'Content-Type': 'application/json'},                     cookies={}, auth=None, timeout=None, proxies=None, verify=False,                     debug=0 </msg>
<arg>alias=APIServerRest</arg>
<arg>url=https://serverest.dev</arg>
<arg>headers=${headers}</arg>
<doc>Create Session: create a HTTP session to a server</doc>
<status status="PASS" start="2024-05-01T18:50:35.188733" elapsed="0.005459"/>
</kw>
<status status="PASS" start="2024-05-01T18:50:35.185736" elapsed="0.008996"/>
</kw>
<kw name="POST On Session" owner="RequestsLibrary">
<msg time="2024-05-01T18:50:35.681579" level="INFO">POST Request : url=https://serverest.dev/usuarios 
 path_url=/usuarios 
 headers={'User-Agent': 'python-requests/2.31.0', 'Accept-Encoding': 'gzip, deflate', 'accept': 'application/json', 'Connection': 'keep-alive', 'Content-Type': 'application/json', 'Content-Length': '110'} 
 body=b'{"nome": "Fulano da Silva", "email": "wmadiszb@qacoders.com.br", "password": "teste", "administrador": "true"}' 
 </msg>
<msg time="2024-05-01T18:50:35.681579" level="INFO">POST Response : url=https://serverest.dev/usuarios 
 status=201, reason=Created 
 headers={'access-control-allow-origin': '*', 'x-dns-prefetch-control': 'off', 'x-frame-options': 'SAMEORIGIN', 'strict-transport-security': 'max-age=15552000; includeSubDomains', 'x-download-options': 'noopen', 'x-content-type-options': 'nosniff', 'x-xss-protection': '1; mode=block', 'content-type': 'application/json; charset=utf-8', 'X-Cloud-Trace-Context': '06a16b877e7e461d8b8be9dc1848b380', 'Date': 'Fri, 03 May 2024 00:38:31 GMT', 'Server': 'Google Frontend', 'Content-Length': '82'} 
 body={
    "message": "Cadastro realizado com sucesso",
    "_id": "DjTAcvno6t21vMVH"
} 
 </msg>
<msg time="2024-05-01T18:50:35.681579" level="INFO">C:\Users\Windows 11\AppData\Local\Programs\Python\Python312\Lib\site-packages\urllib3\connectionpool.py:1103: InsecureRequestWarning: Unverified HTTPS request is being made to host 'serverest.dev'. Adding certificate verification is strongly advised. See: https://urllib3.readthedocs.io/en/latest/advanced-usage.html#tls-warnings
  warnings.warn(</msg>
<msg time="2024-05-01T18:50:35.681579" level="INFO">${resposta} = &lt;Response [201]&gt;</msg>
<var>${resposta}</var>
<arg>alias=APIServerRest</arg>
<arg>url=/usuarios</arg>
<arg>json=${body}</arg>
<doc>Sends a POST request on a previously created HTTP Session.</doc>
<status status="PASS" start="2024-05-01T18:50:35.194732" elapsed="0.486847"/>
</kw>
<kw name="Log" owner="BuiltIn">
<msg time="2024-05-01T18:50:35.681579" level="INFO">{'message': 'Cadastro realizado com sucesso', '_id': 'DjTAcvno6t21vMVH'}</msg>
<arg>${resposta.json()}</arg>
<doc>Logs the given message with the given level.</doc>
<status status="PASS" start="2024-05-01T18:50:35.681579" elapsed="0.000000"/>
</kw>
<kw name="Set Test Variable" owner="BuiltIn">
<msg time="2024-05-01T18:50:35.696340" level="INFO">${ID_USUARIO} = DjTAcvno6t21vMVH</msg>
<arg>${ID_USUARIO}</arg>
<arg>${resposta.json()["_id"]}</arg>
<doc>Makes a variable available everywhere within the scope of the current test.</doc>
<status status="PASS" start="2024-05-01T18:50:35.691287" elapsed="0.005053"/>
</kw>
<kw name="Set Test Variable" owner="BuiltIn">
<msg time="2024-05-01T18:50:35.698762" level="INFO">${RESPOSTA} = {'message': 'Cadastro realizado com sucesso', '_id': 'DjTAcvno6t21vMVH'}</msg>
<arg>${RESPOSTA}</arg>
<arg>${resposta.json()}</arg>
<doc>Makes a variable available everywhere within the scope of the current test.</doc>
<status status="PASS" start="2024-05-01T18:50:35.696977" elapsed="0.001785"/>
</kw>
<status status="PASS" start="2024-05-01T18:50:35.180195" elapsed="0.519394"/>
</kw>
<kw name="Consultar os dados do usuario" owner="common">
<kw name="GET On Session" owner="RequestsLibrary">
<msg time="2024-05-01T18:50:35.891423" level="INFO">GET Request : url=https://serverest.dev/usuarios/DjTAcvno6t21vMVH 
 path_url=/usuarios/DjTAcvno6t21vMVH 
 headers={'User-Agent': 'python-requests/2.31.0', 'Accept-Encoding': 'gzip, deflate', 'accept': 'application/json', 'Connection': 'keep-alive', 'Content-Type': 'application/json'} 
 body=None 
 </msg>
<msg time="2024-05-01T18:50:35.891423" level="INFO">GET Response : url=https://serverest.dev/usuarios/DjTAcvno6t21vMVH 
 status=200, reason=OK 
 headers={'access-control-allow-origin': '*', 'x-dns-prefetch-control': 'off', 'x-frame-options': 'SAMEORIGIN', 'strict-transport-security': 'max-age=15552000; includeSubDomains', 'x-download-options': 'noopen', 'x-content-type-options': 'nosniff', 'x-xss-protection': '1; mode=block', 'content-type': 'application/json; charset=utf-8', 'X-Cloud-Trace-Context': 'a44348bfdf91c73169aa357098c2c440', 'Date': 'Fri, 03 May 2024 00:38:31 GMT', 'Server': 'Google Frontend', 'Content-Length': '159'} 
 body={
    "nome": "Fulano da Silva",
    "email": "wmadiszb@qacoders.com.br",
    "password": "teste",
    "administrador": "true",
    "_id": "DjTAcvno6t21vMVH"
} 
 </msg>
<msg time="2024-05-01T18:50:35.892440" level="INFO">C:\Users\Windows 11\AppData\Local\Programs\Python\Python312\Lib\site-packages\urllib3\connectionpool.py:1103: InsecureRequestWarning: Unverified HTTPS request is being made to host 'serverest.dev'. Adding certificate verification is strongly advised. See: https://urllib3.readthedocs.io/en/latest/advanced-usage.html#tls-warnings
  warnings.warn(</msg>
<msg time="2024-05-01T18:50:35.899943" level="INFO">${resposta_consulta} = &lt;Response [200]&gt;</msg>
<var>${resposta_consulta}</var>
<arg>alias=APIServerRest</arg>
<arg>url=/usuarios/${ID_USUARIO}</arg>
<arg>expected_status=200</arg>
<doc>Sends a GET request on a previously created HTTP Session.</doc>
<status status="PASS" start="2024-05-01T18:50:35.700711" elapsed="0.200741"/>
</kw>
<kw name="Set Test Variable" owner="BuiltIn">
<msg time="2024-05-01T18:50:35.903475" level="INFO">${RESPOSTA_CONSULTA} = {'nome': 'Fulano da Silva', 'email': 'wmadiszb@qacoders.com.br', 'password': 'teste', 'administrador': 'true', '_id': 'DjTAcvno6t21vMVH'}</msg>
<arg>${RESPOSTA_CONSULTA}</arg>
<arg>${resposta_consulta.json()}</arg>
<doc>Makes a variable available everywhere within the scope of the current test.</doc>
<status status="PASS" start="2024-05-01T18:50:35.901452" elapsed="0.002023"/>
</kw>
<status status="PASS" start="2024-05-01T18:50:35.700115" elapsed="0.203360"/>
</kw>
<kw name="Alterar o perfil de acesso administrador de true para false" owner="common">
<kw name="PUT On Session" owner="RequestsLibrary">
<msg time="2024-05-01T18:50:36.128158" level="INFO">PUT Request : url=https://serverest.dev/usuarios/DjTAcvno6t21vMVH 
 path_url=/usuarios/DjTAcvno6t21vMVH 
 headers={'User-Agent': 'python-requests/2.31.0', 'Accept-Encoding': 'gzip, deflate', 'accept': 'application/json', 'Connection': 'keep-alive', 'Content-Type': 'application/json', 'Content-Length': '107'} 
 body={"nome":"Fulano da Silva", "email":"wmadiszb@qacoders.com.br", "password":"teste", "administrador":"false"} 
 </msg>
<msg time="2024-05-01T18:50:36.128158" level="INFO">PUT Response : url=https://serverest.dev/usuarios/DjTAcvno6t21vMVH 
 status=200, reason=OK 
 headers={'access-control-allow-origin': '*', 'x-dns-prefetch-control': 'off', 'x-frame-options': 'SAMEORIGIN', 'strict-transport-security': 'max-age=15552000; includeSubDomains', 'x-download-options': 'noopen', 'x-content-type-options': 'nosniff', 'x-xss-protection': '1; mode=block', 'content-type': 'application/json; charset=utf-8', 'X-Cloud-Trace-Context': '4597a212b316a417c002bb05c6062679', 'Date': 'Fri, 03 May 2024 00:38:31 GMT', 'Server': 'Google Frontend', 'Content-Length': '50'} 
 body={
    "message": "Registro alterado com sucesso"
} 
 </msg>
<msg time="2024-05-01T18:50:36.128158" level="INFO">C:\Users\Windows 11\AppData\Local\Programs\Python\Python312\Lib\site-packages\urllib3\connectionpool.py:1103: InsecureRequestWarning: Unverified HTTPS request is being made to host 'serverest.dev'. Adding certificate verification is strongly advised. See: https://urllib3.readthedocs.io/en/latest/advanced-usage.html#tls-warnings
  warnings.warn(</msg>
<msg time="2024-05-01T18:50:36.136698" level="INFO">${alterar_perfil_usuario} = &lt;Response [200]&gt;</msg>
<var>${alterar_perfil_usuario}</var>
<arg>alias=APIServerRest</arg>
<arg>url=/usuarios/${ID_USUARIO}</arg>
<arg>expected_status=200</arg>
<arg>data={"nome":"Fulano da Silva", "email":"${EMAIL_TEST}", "password":"teste", "administrador":"false"}</arg>
<doc>Sends a PUT request on a previously created HTTP Session.</doc>
<status status="PASS" start="2024-05-01T18:50:35.926216" elapsed="0.214247"/>
</kw>
<status status="PASS" start="2024-05-01T18:50:35.924596" elapsed="0.215867"/>
</kw>
<kw name="Consultar os dados do usuario" owner="common">
<kw name="GET On Session" owner="RequestsLibrary">
<msg time="2024-05-01T18:50:36.343715" level="INFO">GET Request : url=https://serverest.dev/usuarios/DjTAcvno6t21vMVH 
 path_url=/usuarios/DjTAcvno6t21vMVH 
 headers={'User-Agent': 'python-requests/2.31.0', 'Accept-Encoding': 'gzip, deflate', 'accept': 'application/json', 'Connection': 'keep-alive', 'Content-Type': 'application/json'} 
 body=None 
 </msg>
<msg time="2024-05-01T18:50:36.344722" level="INFO">GET Response : url=https://serverest.dev/usuarios/DjTAcvno6t21vMVH 
 status=200, reason=OK 
 headers={'access-control-allow-origin': '*', 'x-dns-prefetch-control': 'off', 'x-frame-options': 'SAMEORIGIN', 'strict-transport-security': 'max-age=15552000; includeSubDomains', 'x-download-options': 'noopen', 'x-content-type-options': 'nosniff', 'x-xss-protection': '1; mode=block', 'content-type': 'application/json; charset=utf-8', 'X-Cloud-Trace-Context': 'afb1387f1194de1b3556ec6cb1566fb1', 'Date': 'Fri, 03 May 2024 00:38:31 GMT', 'Server': 'Google Frontend', 'Content-Length': '160'} 
 body={
    "nome": "Fulano da Silva",
    "email": "wmadiszb@qacoders.com.br",
    "password": "teste",
    "administrador": "false",
    "_id": "DjTAcvno6t21vMVH"
} 
 </msg>
<msg time="2024-05-01T18:50:36.344989" level="INFO">C:\Users\Windows 11\AppData\Local\Programs\Python\Python312\Lib\site-packages\urllib3\connectionpool.py:1103: InsecureRequestWarning: Unverified HTTPS request is being made to host 'serverest.dev'. Adding certificate verification is strongly advised. See: https://urllib3.readthedocs.io/en/latest/advanced-usage.html#tls-warnings
  warnings.warn(</msg>
<msg time="2024-05-01T18:50:36.344989" level="INFO">${resposta_consulta} = &lt;Response [200]&gt;</msg>
<var>${resposta_consulta}</var>
<arg>alias=APIServerRest</arg>
<arg>url=/usuarios/${ID_USUARIO}</arg>
<arg>expected_status=200</arg>
<doc>Sends a GET request on a previously created HTTP Session.</doc>
<status status="PASS" start="2024-05-01T18:50:36.141689" elapsed="0.203300"/>
</kw>
<kw name="Set Test Variable" owner="BuiltIn">
<msg time="2024-05-01T18:50:36.344989" level="INFO">${RESPOSTA_CONSULTA} = {'nome': 'Fulano da Silva', 'email': 'wmadiszb@qacoders.com.br', 'password': 'teste', 'administrador': 'false', '_id': 'DjTAcvno6t21vMVH'}</msg>
<arg>${RESPOSTA_CONSULTA}</arg>
<arg>${resposta_consulta.json()}</arg>
<doc>Makes a variable available everywhere within the scope of the current test.</doc>
<status status="PASS" start="2024-05-01T18:50:36.344989" elapsed="0.000000"/>
</kw>
<status status="PASS" start="2024-05-01T18:50:36.141689" elapsed="0.203300"/>
</kw>
<status status="PASS" start="2024-05-01T18:50:35.143945" elapsed="1.201044"/>
</test>
<status status="PASS" start="2024-05-01T18:50:34.908375" elapsed="1.443121"/>
</suite>
<statistics>
<total>
<stat pass="1" fail="0" skip="0">All Tests</stat>
</total>
<tag>
</tag>
<suite>
<stat pass="1" fail="0" skip="0" id="s1" name="Put Serverest Test">Put Serverest Test</stat>
</suite>
</statistics>
<errors>
</errors>
</robot>
